Determining if the pthread_create exist failed with the following output:
Change Dir: /home/robin/Documents/kewang/slider_bipedal/Gazebo/build/CMakeFiles/CMakeTmp

Run Build Command:"/usr/bin/make" "cmTC_5fb18/fast"
/usr/bin/make -f CMakeFiles/cmTC_5fb18.dir/build.make CMakeFiles/cmTC_5fb18.dir/build
make[1]: Entering directory '/home/robin/Documents/kewang/slider_bipedal/Gazebo/build/CMakeFiles/CMakeTmp'
Building C object CMakeFiles/cmTC_5fb18.dir/CheckSymbolExists.c.o
/usr/bin/cc     -o CMakeFiles/cmTC_5fb18.dir/CheckSymbolExists.c.o   -c /home/robin/Documents/kewang/slider_bipedal/Gazebo/build/CMakeFiles/CMakeTmp/CheckSymbolExists.c
Linking C executable cmTC_5fb18
/usr/bin/cmake -E cmake_link_script CMakeFiles/cmTC_5fb18.dir/link.txt --verbose=1
/usr/bin/cc       CMakeFiles/cmTC_5fb18.dir/CheckSymbolExists.c.o  -o cmTC_5fb18 -rdynamic 
CMakeFiles/cmTC_5fb18.dir/CheckSymbolExists.c.o: In function `main':
CheckSymbolExists.c:(.text+0x16): undefined reference to `pthread_create'
collect2: error: ld returned 1 exit status
CMakeFiles/cmTC_5fb18.dir/build.make:97: recipe for target 'cmTC_5fb18' failed
make[1]: *** [cmTC_5fb18] Error 1
make[1]: Leaving directory '/home/robin/Documents/kewang/slider_bipedal/Gazebo/build/CMakeFiles/CMakeTmp'
Makefile:126: recipe for target 'cmTC_5fb18/fast' failed
make: *** [cmTC_5fb18/fast] Error 2

File /home/robin/Documents/kewang/slider_bipedal/Gazebo/build/CMakeFiles/CMakeTmp/CheckSymbolExists.c:
/* */
#include <pthread.h>

int main(int argc, char** argv)
{
  (void)argv;
#ifndef pthread_create
  return ((int*)(&pthread_create))[argc];
#else
  (void)argc;
  return 0;
#endif
}

Determining if the function pthread_create exists in the pthreads failed with the following output:
Change Dir: /home/robin/Documents/kewang/slider_bipedal/Gazebo/build/CMakeFiles/CMakeTmp

Run Build Command:"/usr/bin/make" "cmTC_587c8/fast"
/usr/bin/make -f CMakeFiles/cmTC_587c8.dir/build.make CMakeFiles/cmTC_587c8.dir/build
make[1]: Entering directory '/home/robin/Documents/kewang/slider_bipedal/Gazebo/build/CMakeFiles/CMakeTmp'
Building C object CMakeFiles/cmTC_587c8.dir/CheckFunctionExists.c.o
/usr/bin/cc    -DCHECK_FUNCTION_EXISTS=pthread_create   -o CMakeFiles/cmTC_587c8.dir/CheckFunctionExists.c.o   -c /usr/share/cmake-3.5/Modules/CheckFunctionExists.c
Linking C executable cmTC_587c8
/usr/bin/cmake -E cmake_link_script CMakeFiles/cmTC_587c8.dir/link.txt --verbose=1
/usr/bin/cc   -DCHECK_FUNCTION_EXISTS=pthread_create    CMakeFiles/cmTC_587c8.dir/CheckFunctionExists.c.o  -o cmTC_587c8 -rdynamic -lpthreads 
/usr/bin/ld: cannot find -lpthreads
collect2: error: ld returned 1 exit status
CMakeFiles/cmTC_587c8.dir/build.make:97: recipe for target 'cmTC_587c8' failed
make[1]: *** [cmTC_587c8] Error 1
make[1]: Leaving directory '/home/robin/Documents/kewang/slider_bipedal/Gazebo/build/CMakeFiles/CMakeTmp'
Makefile:126: recipe for target 'cmTC_587c8/fast' failed
make: *** [cmTC_587c8/fast] Error 2


